<?xml version="1.0" encoding="UTF-8"?>
<!-- Generated by org.testng.reporters.JUnitReportReporter -->
<testsuite hostname="achatterjee-ltm.internal.salesforce.com" failures="0" tests="1" name="sample.Demo" time="19.740" errors="0" timestamp="2020-12-18T21:12:17 IST" skipped="0">
  <testcase classname="sample.Demo" name="register" time="19.740"/>
  <system-out/>
</testsuite> <!-- sample.Demo -->
