<?xml version="1.0" encoding="UTF-8"?>
<!-- Generated by org.testng.reporters.JUnitReportReporter -->
<testsuite hostname="achatterjee-ltm.internal.salesforce.com" failures="0" tests="1" name="sample.Demo" time="2.662" errors="0" timestamp="23 Dec 2020 19:00:19 GMT" skipped="0">
  <testcase classname="sample.Demo" name="register" time="2.662"/>
</testsuite> <!-- sample.Demo -->
